<?xml version="1.0" encoding="UTF-8"?>
<!-- Generated by org.testng.reporters.JUnitReportReporter -->
<testsuite hostname="L201141" failures="0" tests="6" name="Launch.TestRunner" time="90.097" errors="0" timestamp="2025-02-24T12:47:33 IST" skipped="0">
  <testcase classname="Launch.TestRunner" name="VerifyHomeTitle" time="6.919"/>
  <testcase classname="Launch.TestRunner" name="NavigateAndVerifyRevenuePageTitle" time="7.615"/>
  <testcase classname="Launch.TestRunner" name="VerifySlider" time="8.239"/>
  <testcase classname="Launch.TestRunner" name="AdjustSlider" time="45.792"/>
  <testcase classname="Launch.TestRunner" name="ClickCPTcodes" time="11.051"/>
  <testcase classname="Launch.TestRunner" name="Validate_Recurring_Amount" time="10.481"/>
</testsuite> <!-- Launch.TestRunner -->
